{"total": {"lines":{"total":215,"covered":199,"skipped":0,"pct":92.55},"statements":{"total":215,"covered":199,"skipped":0,"pct":92.55},"functions":{"total":34,"covered":25,"skipped":0,"pct":73.52},"branches":{"total":30,"covered":20,"skipped":0,"pct":66.66},"branchesTrue":{"total":0,"covered":0,"skipped":0,"pct":100}}
,"/Users/andelarwanda/Desktop/my-brand-backend/index.js": {"lines":{"total":24,"covered":23,"skipped":0,"pct":95.83},"functions":{"total":2,"covered":1,"skipped":0,"pct":50},"statements":{"total":24,"covered":23,"skipped":0,"pct":95.83},"branches":{"total":2,"covered":1,"skipped":0,"pct":50}}
,"/Users/andelarwanda/Desktop/my-brand-backend/src/config/cloudinary.js": {"lines":{"total":3,"covered":3,"skipped":0,"pct":100},"functions":{"total":0,"covered":0,"skipped":0,"pct":100},"statements":{"total":3,"covered":3,"skipped":0,"pct":100},"branches":{"total":0,"covered":0,"skipped":0,"pct":100}}
,"/Users/andelarwanda/Desktop/my-brand-backend/src/config/db.js": {"lines":{"total":6,"covered":6,"skipped":0,"pct":100},"functions":{"total":2,"covered":2,"skipped":0,"pct":100},"statements":{"total":6,"covered":6,"skipped":0,"pct":100},"branches":{"total":4,"covered":2,"skipped":0,"pct":50}}
,"/Users/andelarwanda/Desktop/my-brand-backend/src/controllers/blogController.js": {"lines":{"total":59,"covered":52,"skipped":0,"pct":88.13},"functions":{"total":17,"covered":13,"skipped":0,"pct":76.47},"statements":{"total":59,"covered":52,"skipped":0,"pct":88.13},"branches":{"total":8,"covered":5,"skipped":0,"pct":62.5}}
,"/Users/andelarwanda/Desktop/my-brand-backend/src/controllers/messageController.js": {"lines":{"total":15,"covered":14,"skipped":0,"pct":93.33},"functions":{"total":6,"covered":4,"skipped":0,"pct":66.66},"statements":{"total":15,"covered":14,"skipped":0,"pct":93.33},"branches":{"total":2,"covered":1,"skipped":0,"pct":50}}
,"/Users/andelarwanda/Desktop/my-brand-backend/src/controllers/userController.js": {"lines":{"total":34,"covered":29,"skipped":0,"pct":85.29},"functions":{"total":5,"covered":3,"skipped":0,"pct":60},"statements":{"total":34,"covered":29,"skipped":0,"pct":85.29},"branches":{"total":8,"covered":5,"skipped":0,"pct":62.5}}
,"/Users/andelarwanda/Desktop/my-brand-backend/src/documentation/swagger.doc.js": {"lines":{"total":8,"covered":8,"skipped":0,"pct":100},"functions":{"total":0,"covered":0,"skipped":0,"pct":100},"statements":{"total":8,"covered":8,"skipped":0,"pct":100},"branches":{"total":0,"covered":0,"skipped":0,"pct":100}}
,"/Users/andelarwanda/Desktop/my-brand-backend/src/helpers/photoUpload.js": {"lines":{"total":7,"covered":7,"skipped":0,"pct":100},"functions":{"total":1,"covered":1,"skipped":0,"pct":100},"statements":{"total":7,"covered":7,"skipped":0,"pct":100},"branches":{"total":0,"covered":0,"skipped":0,"pct":100}}
,"/Users/andelarwanda/Desktop/my-brand-backend/src/helpers/validation_schema.js": {"lines":{"total":8,"covered":8,"skipped":0,"pct":100},"functions":{"total":0,"covered":0,"skipped":0,"pct":100},"statements":{"total":8,"covered":8,"skipped":0,"pct":100},"branches":{"total":0,"covered":0,"skipped":0,"pct":100}}
,"/Users/andelarwanda/Desktop/my-brand-backend/src/middlewares/AuthMiddleWare.js": {"lines":{"total":15,"covered":13,"skipped":0,"pct":86.66},"functions":{"total":1,"covered":1,"skipped":0,"pct":100},"statements":{"total":15,"covered":13,"skipped":0,"pct":86.66},"branches":{"total":6,"covered":6,"skipped":0,"pct":100}}
,"/Users/andelarwanda/Desktop/my-brand-backend/src/models/blogModel.js": {"lines":{"total":3,"covered":3,"skipped":0,"pct":100},"functions":{"total":0,"covered":0,"skipped":0,"pct":100},"statements":{"total":3,"covered":3,"skipped":0,"pct":100},"branches":{"total":0,"covered":0,"skipped":0,"pct":100}}
,"/Users/andelarwanda/Desktop/my-brand-backend/src/models/messageModel.js": {"lines":{"total":3,"covered":3,"skipped":0,"pct":100},"functions":{"total":0,"covered":0,"skipped":0,"pct":100},"statements":{"total":3,"covered":3,"skipped":0,"pct":100},"branches":{"total":0,"covered":0,"skipped":0,"pct":100}}
,"/Users/andelarwanda/Desktop/my-brand-backend/src/models/userModel.js": {"lines":{"total":3,"covered":3,"skipped":0,"pct":100},"functions":{"total":0,"covered":0,"skipped":0,"pct":100},"statements":{"total":3,"covered":3,"skipped":0,"pct":100},"branches":{"total":0,"covered":0,"skipped":0,"pct":100}}
,"/Users/andelarwanda/Desktop/my-brand-backend/src/routes/blogRouter.js": {"lines":{"total":11,"covered":11,"skipped":0,"pct":100},"functions":{"total":0,"covered":0,"skipped":0,"pct":100},"statements":{"total":11,"covered":11,"skipped":0,"pct":100},"branches":{"total":0,"covered":0,"skipped":0,"pct":100}}
,"/Users/andelarwanda/Desktop/my-brand-backend/src/routes/messageRouter.js": {"lines":{"total":8,"covered":8,"skipped":0,"pct":100},"functions":{"total":0,"covered":0,"skipped":0,"pct":100},"statements":{"total":8,"covered":8,"skipped":0,"pct":100},"branches":{"total":0,"covered":0,"skipped":0,"pct":100}}
,"/Users/andelarwanda/Desktop/my-brand-backend/src/routes/userRouter.js": {"lines":{"total":8,"covered":8,"skipped":0,"pct":100},"functions":{"total":0,"covered":0,"skipped":0,"pct":100},"statements":{"total":8,"covered":8,"skipped":0,"pct":100},"branches":{"total":0,"covered":0,"skipped":0,"pct":100}}
}
