{"total": {"lines":{"total":234,"covered":198,"skipped":0,"pct":84.61},"statements":{"total":234,"covered":198,"skipped":0,"pct":84.61},"functions":{"total":41,"covered":25,"skipped":0,"pct":60.97},"branches":{"total":36,"covered":20,"skipped":0,"pct":55.55},"branchesTrue":{"total":0,"covered":0,"skipped":0,"pct":100}}
,"/Users/andelarwanda/Desktop/my-brand-backend/index.js": {"lines":{"total":24,"covered":23,"skipped":0,"pct":95.83},"functions":{"total":2,"covered":1,"skipped":0,"pct":50},"statements":{"total":24,"covered":23,"skipped":0,"pct":95.83},"branches":{"total":2,"covered":1,"skipped":0,"pct":50}}
,"/Users/andelarwanda/Desktop/my-brand-backend/src/config/cloudinary.js": {"lines":{"total":3,"covered":3,"skipped":0,"pct":100},"functions":{"total":0,"covered":0,"skipped":0,"pct":100},"statements":{"total":3,"covered":3,"skipped":0,"pct":100},"branches":{"total":0,"covered":0,"skipped":0,"pct":100}}
,"/Users/andelarwanda/Desktop/my-brand-backend/src/config/db.js": {"lines":{"total":6,"covered":6,"skipped":0,"pct":100},"functions":{"total":2,"covered":2,"skipped":0,"pct":100},"statements":{"total":6,"covered":6,"skipped":0,"pct":100},"branches":{"total":4,"covered":2,"skipped":0,"pct":50}}
,"/Users/andelarwanda/Desktop/my-brand-backend/src/controllers/blogController.js": {"lines":{"total":69,"covered":51,"skipped":0,"pct":73.91},"functions":{"total":21,"covered":13,"skipped":0,"pct":61.9},"statements":{"total":69,"covered":51,"skipped":0,"pct":73.91},"branches":{"total":14,"covered":5,"skipped":0,"pct":35.71}}
,"/Users/andelarwanda/Desktop/my-brand-backend/src/controllers/messageController.js": {"lines":{"total":22,"covered":14,"skipped":0,"pct":63.63},"functions":{"total":8,"covered":4,"skipped":0,"pct":50},"statements":{"total":22,"covered":14,"skipped":0,"pct":63.63},"branches":{"total":2,"covered":1,"skipped":0,"pct":50}}
,"/Users/andelarwanda/Desktop/my-brand-backend/src/controllers/userController.js": {"lines":{"total":34,"covered":29,"skipped":0,"pct":85.29},"functions":{"total":5,"covered":3,"skipped":0,"pct":60},"statements":{"total":34,"covered":29,"skipped":0,"pct":85.29},"branches":{"total":8,"covered":5,"skipped":0,"pct":62.5}}
,"/Users/andelarwanda/Desktop/my-brand-backend/src/documentation/swagger.doc.js": {"lines":{"total":8,"covered":8,"skipped":0,"pct":100},"functions":{"total":0,"covered":0,"skipped":0,"pct":100},"statements":{"total":8,"covered":8,"skipped":0,"pct":100},"branches":{"total":0,"covered":0,"skipped":0,"pct":100}}
,"/Users/andelarwanda/Desktop/my-brand-backend/src/helpers/photoUpload.js": {"lines":{"total":9,"covered":7,"skipped":0,"pct":77.77},"functions":{"total":2,"covered":1,"skipped":0,"pct":50},"statements":{"total":9,"covered":7,"skipped":0,"pct":77.77},"branches":{"total":0,"covered":0,"skipped":0,"pct":100}}
,"/Users/andelarwanda/Desktop/my-brand-backend/src/helpers/validation_schema.js": {"lines":{"total":8,"covered":8,"skipped":0,"pct":100},"functions":{"total":0,"covered":0,"skipped":0,"pct":100},"statements":{"total":8,"covered":8,"skipped":0,"pct":100},"branches":{"total":0,"covered":0,"skipped":0,"pct":100}}
,"/Users/andelarwanda/Desktop/my-brand-backend/src/middlewares/AuthMiddleWare.js": {"lines":{"total":15,"covered":13,"skipped":0,"pct":86.66},"functions":{"total":1,"covered":1,"skipped":0,"pct":100},"statements":{"total":15,"covered":13,"skipped":0,"pct":86.66},"branches":{"total":6,"covered":6,"skipped":0,"pct":100}}
,"/Users/andelarwanda/Desktop/my-brand-backend/src/models/blogModel.js": {"lines":{"total":3,"covered":3,"skipped":0,"pct":100},"functions":{"total":0,"covered":0,"skipped":0,"pct":100},"statements":{"total":3,"covered":3,"skipped":0,"pct":100},"branches":{"total":0,"covered":0,"skipped":0,"pct":100}}
,"/Users/andelarwanda/Desktop/my-brand-backend/src/models/messageModel.js": {"lines":{"total":3,"covered":3,"skipped":0,"pct":100},"functions":{"total":0,"covered":0,"skipped":0,"pct":100},"statements":{"total":3,"covered":3,"skipped":0,"pct":100},"branches":{"total":0,"covered":0,"skipped":0,"pct":100}}
,"/Users/andelarwanda/Desktop/my-brand-backend/src/models/userModel.js": {"lines":{"total":3,"covered":3,"skipped":0,"pct":100},"functions":{"total":0,"covered":0,"skipped":0,"pct":100},"statements":{"total":3,"covered":3,"skipped":0,"pct":100},"branches":{"total":0,"covered":0,"skipped":0,"pct":100}}
,"/Users/andelarwanda/Desktop/my-brand-backend/src/routes/blogRouter.js": {"lines":{"total":11,"covered":11,"skipped":0,"pct":100},"functions":{"total":0,"covered":0,"skipped":0,"pct":100},"statements":{"total":11,"covered":11,"skipped":0,"pct":100},"branches":{"total":0,"covered":0,"skipped":0,"pct":100}}
,"/Users/andelarwanda/Desktop/my-brand-backend/src/routes/messageRouter.js": {"lines":{"total":8,"covered":8,"skipped":0,"pct":100},"functions":{"total":0,"covered":0,"skipped":0,"pct":100},"statements":{"total":8,"covered":8,"skipped":0,"pct":100},"branches":{"total":0,"covered":0,"skipped":0,"pct":100}}
,"/Users/andelarwanda/Desktop/my-brand-backend/src/routes/userRouter.js": {"lines":{"total":8,"covered":8,"skipped":0,"pct":100},"functions":{"total":0,"covered":0,"skipped":0,"pct":100},"statements":{"total":8,"covered":8,"skipped":0,"pct":100},"branches":{"total":0,"covered":0,"skipped":0,"pct":100}}
}
