TN:
SF:index.js
FN:17,(anonymous_0)
FN:20,(anonymous_1)
FNF:2
FNH:1
FNDA:1,(anonymous_0)
FNDA:0,(anonymous_1)
DA:1,1
DA:2,1
DA:3,1
DA:4,1
DA:5,1
DA:6,1
DA:7,1
DA:8,1
DA:9,1
DA:10,1
DA:11,1
DA:12,1
DA:13,1
DA:14,1
DA:15,1
DA:17,1
DA:18,1
DA:20,1
DA:21,0
DA:23,1
DA:24,1
DA:25,1
DA:26,1
DA:27,1
LF:24
LH:23
BRDA:10,0,0,1
BRDA:10,0,1,0
BRF:2
BRH:1
end_of_record
TN:
SF:src/config/cloudinary.js
FNF:0
FNH:0
DA:1,1
DA:2,1
DA:7,1
LF:3
LH:3
BRF:0
BRH:0
end_of_record
TN:
SF:src/config/db.js
FN:7,(anonymous_0)
FN:16,(anonymous_1)
FNF:2
FNH:2
FNDA:1,(anonymous_0)
FNDA:1,(anonymous_1)
DA:1,1
DA:2,1
DA:3,1
DA:7,1
DA:8,1
DA:16,1
LF:6
LH:6
BRDA:9,0,0,0
BRDA:9,0,1,1
BRDA:11,1,0,1
BRDA:11,1,1,0
BRF:4
BRH:2
end_of_record
TN:
SF:src/controllers/blogController.js
FN:12,(anonymous_0)
FN:13,(anonymous_1)
FN:17,(anonymous_2)
FN:36,(anonymous_3)
FN:41,(anonymous_4)
FN:53,(anonymous_5)
FN:57,(anonymous_6)
FN:61,(anonymous_7)
FN:66,(anonymous_8)
FN:96,(anonymous_9)
FN:100,(anonymous_10)
FN:106,(anonymous_11)
FN:111,(anonymous_12)
FN:124,(anonymous_13)
FN:130,(anonymous_14)
FN:132,(anonymous_15)
FN:138,(anonymous_16)
FNF:17
FNH:13
FNDA:5,(anonymous_0)
FNDA:5,(anonymous_1)
FNDA:6,(anonymous_2)
FNDA:6,(anonymous_3)
FNDA:0,(anonymous_4)
FNDA:1,(anonymous_5)
FNDA:1,(anonymous_6)
FNDA:1,(anonymous_7)
FNDA:1,(anonymous_8)
FNDA:1,(anonymous_9)
FNDA:1,(anonymous_10)
FNDA:0,(anonymous_11)
FNDA:1,(anonymous_12)
FNDA:1,(anonymous_13)
FNDA:1,(anonymous_14)
FNDA:0,(anonymous_15)
FNDA:0,(anonymous_16)
DA:1,1
DA:2,1
DA:3,1
DA:4,1
DA:6,1
DA:7,1
DA:8,1
DA:9,1
DA:10,1
DA:12,1
DA:13,5
DA:14,5
DA:17,1
DA:18,6
DA:19,6
DA:20,6
DA:21,6
DA:23,6
DA:25,6
DA:31,6
DA:32,1
DA:33,1
DA:35,6
DA:37,6
DA:41,0
DA:50,0
DA:53,1
DA:54,1
DA:56,1
DA:58,1
DA:59,1
DA:62,1
DA:66,1
DA:67,1
DA:68,1
DA:69,1
DA:70,1
DA:93,1
DA:96,1
DA:97,1
DA:99,1
DA:101,1
DA:102,1
DA:104,0
DA:107,0
DA:111,1
DA:112,1
DA:113,1
DA:114,1
DA:116,1
DA:123,1
DA:125,1
DA:126,1
DA:128,1
DA:129,1
DA:130,1
DA:132,0
DA:135,0
DA:138,0
LF:59
LH:52
BRDA:23,0,0,6
BRDA:23,0,1,0
BRDA:31,1,0,1
BRDA:31,1,1,5
BRDA:101,2,0,1
BRDA:101,2,1,0
BRDA:126,3,0,1
BRDA:126,3,1,0
BRF:8
BRH:5
end_of_record
TN:
SF:src/controllers/messageController.js
FN:5,(anonymous_0)
FN:16,(anonymous_1)
FN:25,(anonymous_2)
FN:29,(anonymous_3)
FN:33,(anonymous_4)
FN:41,(anonymous_5)
FNF:6
FNH:4
FNDA:1,(anonymous_0)
FNDA:1,(anonymous_1)
FNDA:1,(anonymous_2)
FNDA:1,(anonymous_3)
FNDA:0,(anonymous_4)
FNDA:0,(anonymous_5)
DA:1,1
DA:2,1
DA:5,1
DA:6,1
DA:7,1
DA:8,1
DA:15,1
DA:17,1
DA:25,1
DA:26,1
DA:28,1
DA:30,1
DA:33,0
DA:41,1
DA:53,1
LF:15
LH:14
BRDA:26,0,0,1
BRDA:26,0,1,0
BRF:2
BRH:1
end_of_record
TN:
SF:src/controllers/userController.js
FN:8,(anonymous_0)
FN:29,(anonymous_1)
FN:44,(anonymous_2)
FN:67,(anonymous_3)
FN:72,(anonymous_4)
FNF:5
FNH:3
FNDA:2,(anonymous_0)
FNDA:0,(anonymous_1)
FNDA:8,(anonymous_2)
FNDA:0,(anonymous_3)
FNDA:7,(anonymous_4)
DA:1,1
DA:2,1
DA:3,1
DA:4,1
DA:5,1
DA:8,1
DA:9,2
DA:10,2
DA:11,2
DA:12,2
DA:13,2
DA:15,0
DA:16,2
DA:17,2
DA:19,2
DA:25,2
DA:28,2
DA:29,0
DA:37,0
DA:40,2
DA:44,1
DA:45,8
DA:46,8
DA:47,7
DA:48,7
DA:49,7
DA:51,7
DA:59,0
DA:62,1
DA:67,1
DA:68,0
DA:72,1
DA:73,7
DA:76,1
LF:34
LH:29
BRDA:13,0,0,0
BRDA:13,0,1,2
BRDA:23,1,0,2
BRDA:23,1,1,0
BRDA:49,2,0,7
BRDA:49,2,1,0
BRDA:49,3,0,7
BRDA:49,3,1,7
BRF:8
BRH:5
end_of_record
TN:
SF:src/documentation/swagger.doc.js
FNF:0
FNH:0
DA:1,1
DA:2,1
DA:5,1
DA:7,1
DA:8,1
DA:11,1
DA:439,1
DA:441,1
LF:8
LH:8
BRF:0
BRH:0
end_of_record
TN:
SF:src/helpers/photoUpload.js
FN:3,(anonymous_0)
FNF:1
FNH:1
FNDA:1,(anonymous_0)
DA:1,1
DA:3,1
DA:4,1
DA:5,1
DA:6,1
DA:12,1
DA:18,1
LF:7
LH:7
BRF:0
BRH:0
end_of_record
TN:
SF:src/helpers/validation_schema.js
FNF:0
FNH:0
DA:1,1
DA:2,1
DA:4,1
DA:9,1
DA:15,1
DA:21,1
DA:25,1
DA:34,1
LF:8
LH:8
BRF:0
BRH:0
end_of_record
TN:
SF:src/middlewares/AuthMiddleWare.js
FN:6,(anonymous_0)
FNF:1
FNH:1
FNDA:11,(anonymous_0)
DA:1,1
DA:2,1
DA:3,1
DA:6,1
DA:8,11
DA:12,10
DA:14,10
DA:15,10
DA:16,10
DA:17,10
DA:20,0
DA:21,0
DA:24,11
DA:25,1
DA:28,1
LF:15
LH:13
BRDA:8,0,0,10
BRDA:8,0,1,1
BRDA:9,1,0,11
BRDA:9,1,1,11
BRDA:24,2,0,1
BRDA:24,2,1,10
BRF:6
BRH:6
end_of_record
TN:
SF:src/models/blogModel.js
FNF:0
FNH:0
DA:3,1
DA:5,1
DA:39,1
LF:3
LH:3
BRF:0
BRH:0
end_of_record
TN:
SF:src/models/messageModel.js
FNF:0
FNH:0
DA:1,1
DA:2,1
DA:26,1
LF:3
LH:3
BRF:0
BRH:0
end_of_record
TN:
SF:src/models/userModel.js
FNF:0
FNH:0
DA:1,1
DA:3,1
DA:21,1
LF:3
LH:3
BRF:0
BRH:0
end_of_record
TN:
SF:src/routes/blogRouter.js
FNF:0
FNH:0
DA:1,1
DA:2,1
DA:4,1
DA:5,1
DA:8,1
DA:9,1
DA:10,1
DA:11,1
DA:12,1
DA:13,1
DA:16,1
LF:11
LH:11
BRF:0
BRH:0
end_of_record
TN:
SF:src/routes/messageRouter.js
FNF:0
FNH:0
DA:1,1
DA:2,1
DA:3,1
DA:4,1
DA:6,1
DA:8,1
DA:10,1
DA:12,1
LF:8
LH:8
BRF:0
BRH:0
end_of_record
TN:
SF:src/routes/userRouter.js
FNF:0
FNH:0
DA:1,1
DA:2,1
DA:3,1
DA:5,1
DA:7,1
DA:9,1
DA:11,1
DA:13,1
LF:8
LH:8
BRF:0
BRH:0
end_of_record
